<?xml version="1.0" encoding="UTF-8"?>
<testng-results ignored="0" total="1" passed="1" failed="0" skipped="0">
  <reporter-output>
  </reporter-output>
  <suite started-at="2024-06-25T12:36:28 IST" name="Default suite" finished-at="2024-06-25T12:36:40 IST" duration-ms="11273">
    <groups>
    </groups>
    <test started-at="2024-06-25T12:36:28 IST" name="Default test" finished-at="2024-06-25T12:36:40 IST" duration-ms="11273">
      <class name="Sample_google.Sample_web.GoogleSearchTest">
        <test-method is-config="true" signature="setUp()[pri:0, instance:Sample_google.Sample_web.GoogleSearchTest@9f116cc]" started-at="2024-06-25T12:36:28 IST" name="setUp" finished-at="2024-06-25T12:36:35 IST" duration-ms="6950" status="PASS">
          <reporter-output>
          </reporter-output>
        </test-method> <!-- setUp -->
        <test-method signature="testGoogleSearch()[pri:0, instance:Sample_google.Sample_web.GoogleSearchTest@9f116cc]" started-at="2024-06-25T12:36:35 IST" name="testGoogleSearch" finished-at="2024-06-25T12:36:39 IST" duration-ms="4005" status="PASS">
          <reporter-output>
          </reporter-output>
        </test-method> <!-- testGoogleSearch -->
        <test-method is-config="true" signature="tearDown()[pri:0, instance:Sample_google.Sample_web.GoogleSearchTest@9f116cc]" started-at="2024-06-25T12:36:39 IST" name="tearDown" finished-at="2024-06-25T12:36:40 IST" duration-ms="256" status="PASS">
          <reporter-output>
          </reporter-output>
        </test-method> <!-- tearDown -->
      </class> <!-- Sample_google.Sample_web.GoogleSearchTest -->
    </test> <!-- Default test -->
  </suite> <!-- Default suite -->
</testng-results>
